Using pre-set license
Built from '2021.2/staging' branch; Version is '2021.2.6f1 (8c4e826ba445) revision 9195138'; Using compiler version '192829333'; Build Type 'Release'
OS: 'Windows 10  (10.0.19041) 64bit Professional' Language: 'en' Physical Memory: 8067 MB
BatchMode: 1, IsHumanControllingUs: 0, StartBugReporterOnCrash: 0, Is64bit: 1, IsPro: 0

COMMAND LINE ARGUMENTS:
C:\Program Files\Unity\Hub\Editor\2021.2.6f1\Editor\Unity.exe
-adb2
-batchMode
-noUpm
-name
AssetImportWorker73
-projectPath
C:/Users/PatMekury/Documents/Unity/Dongo-Shooter
-logFile
Logs/AssetImportWorker73.log
-srvPort
64477
Successfully changed project path to: C:/Users/PatMekury/Documents/Unity/Dongo-Shooter
C:/Users/PatMekury/Documents/Unity/Dongo-Shooter
[UnityMemory] Configuration Parameters - Can be set up in boot.config
    "memorysetup-bucket-allocator-granularity=16"
    "memorysetup-bucket-allocator-bucket-count=8"
    "memorysetup-bucket-allocator-block-size=33554432"
    "memorysetup-bucket-allocator-block-count=8"
    "memorysetup-main-allocator-block-size=16777216"
    "memorysetup-thread-allocator-block-size=16777216"
    "memorysetup-gfx-main-allocator-block-size=16777216"
    "memorysetup-gfx-thread-allocator-block-size=16777216"
    "memorysetup-cache-allocator-block-size=4194304"
    "memorysetup-typetree-allocator-block-size=2097152"
    "memorysetup-profiler-bucket-allocator-granularity=16"
    "memorysetup-profiler-bucket-allocator-bucket-count=8"
    "memorysetup-profiler-bucket-allocator-block-size=33554432"
    "memorysetup-profiler-bucket-allocator-block-count=8"
    "memorysetup-profiler-allocator-block-size=16777216"
    "memorysetup-profiler-editor-allocator-block-size=1048576"
    "memorysetup-temp-allocator-size-main=16777216"
    "memorysetup-job-temp-allocator-block-size=2097152"
    "memorysetup-job-temp-allocator-block-size-background=1048576"
    "memorysetup-job-temp-allocator-reduction-small-platforms=262144"
    "memorysetup-temp-allocator-size-background-worker=32768"
    "memorysetup-temp-allocator-size-job-worker=262144"
    "memorysetup-temp-allocator-size-preload-manager=33554432"
    "memorysetup-temp-allocator-size-nav-mesh-worker=65536"
    "memorysetup-temp-allocator-size-audio-worker=65536"
    "memorysetup-temp-allocator-size-cloud-worker=32768"
    "memorysetup-temp-allocator-size-gi-baking-worker=262144"
    "memorysetup-temp-allocator-size-gfx=262144"
Refreshing native plugins compatible for Editor in 904.49 ms, found 3 plugins.
Preloading 0 native plugins for Editor in 0.00 ms.
Initialize engine version: 2021.2.6f1 (8c4e826ba445)
[Subsystems] Discovering subsystems at path C:/Program Files/Unity/Hub/Editor/2021.2.6f1/Editor/Data/Resources/UnitySubsystems
[Subsystems] Discovering subsystems at path C:/Users/PatMekury/Documents/Unity/Dongo-Shooter/Assets
GfxDevice: creating device client; threaded=0; jobified=0
Direct3D:
    Version:  Direct3D 11.0 [level 11.1]
    Renderer: Intel(R) HD Graphics 5500 (ID=0x1616)
    Vendor:   Intel
    VRAM:     4033 MB
    Driver:   20.19.15.5126
Initialize mono
Mono path[0] = 'C:/Program Files/Unity/Hub/Editor/2021.2.6f1/Editor/Data/Managed'
Mono path[1] = 'C:/Program Files/Unity/Hub/Editor/2021.2.6f1/Editor/Data/MonoBleedingEdge/lib/mono/unityjit-win32'
Mono config path = 'C:/Program Files/Unity/Hub/Editor/2021.2.6f1/Editor/Data/MonoBleedingEdge/etc'
Using monoOptions --debugger-agent=transport=dt_socket,embedding=1,server=y,suspend=n,address=127.0.0.1:56304
Begin MonoManager ReloadAssembly
Registering precompiled unity dll's ...
Register platform support module: C:/Program Files/Unity/Hub/Editor/2021.2.6f1/Editor/Data/PlaybackEngines/WebGLSupport/UnityEditor.WebGL.Extensions.dll
Register platform support module: C:/Program Files/Unity/Hub/Editor/2021.2.6f1/Editor/Data/PlaybackEngines/WindowsStandaloneSupport/UnityEditor.WindowsStandalone.Extensions.dll
Registered in 0.032716 seconds.
Native extension for WindowsStandalone target not found
Native extension for WebGL target not found
Refreshing native plugins compatible for Editor in 440.19 ms, found 3 plugins.
Preloading 0 native plugins for Editor in 0.00 ms.
Mono: successfully reloaded assembly
- Completed reload, in  2.710 seconds
Domain Reload Profiling:
	ReloadAssembly (2712ms)
		BeginReloadAssembly (295ms)
			ExecutionOrderSort (0ms)
			DisableScriptedObjects (0ms)
			BackupInstance (0ms)
			ReleaseScriptingObjects (0ms)
			CreateAndSetChildDomain (1ms)
		EndReloadAssembly (2046ms)
			LoadAssemblies (290ms)
			RebuildTransferFunctionScriptingTraits (0ms)
			SetupTypeCache (378ms)
			ReleaseScriptCaches (0ms)
			RebuildScriptCaches (147ms)
			SetupLoadedEditorAssemblies (1282ms)
				LogAssemblyErrors (0ms)
				InitializePlatformSupportModulesInManaged (92ms)
				SetLoadedEditorAssemblies (0ms)
				RefreshPlugins (441ms)
				BeforeProcessingInitializeOnLoad (3ms)
				ProcessInitializeOnLoadAttributes (514ms)
				ProcessInitializeOnLoadMethodAttributes (231ms)
				AfterProcessingInitializeOnLoad (0ms)
				EditorAssembliesLoaded (0ms)
			ExecutionOrderSort2 (0ms)
			AwakeInstancesAfterBackupRestoration (0ms)
Platform modules already initialized, skipping
Registering precompiled user dll's ...
Registered in 0.028281 seconds.
Begin MonoManager ReloadAssembly
Symbol file LoadedFromMemory doesn't match image C:\Users\PatMekury\Documents\Unity\Dongo-Shooter\Library\PackageCache\com.unity.visualscripting@1.7.5\Editor\VisualScripting.Core\Dependencies\YamlDotNet\Unity.VisualScripting.YamlDotNet.dll
Symbol file LoadedFromMemory doesn't match image C:\Users\PatMekury\Documents\Unity\Dongo-Shooter\Library\PackageCache\com.unity.visualscripting@1.7.5\Editor\VisualScripting.Core\Dependencies\DotNetZip\Unity.VisualScripting.IonicZip.dll
Native extension for WindowsStandalone target not found
Native extension for WebGL target not found
Refreshing native plugins compatible for Editor in 439.28 ms, found 3 plugins.
Preloading 0 native plugins for Editor in 0.00 ms.
Mono: successfully reloaded assembly
- Completed reload, in 10.977 seconds
Domain Reload Profiling:
	ReloadAssembly (10980ms)
		BeginReloadAssembly (521ms)
			ExecutionOrderSort (0ms)
			DisableScriptedObjects (26ms)
			BackupInstance (0ms)
			ReleaseScriptingObjects (1ms)
			CreateAndSetChildDomain (56ms)
		EndReloadAssembly (9955ms)
			LoadAssemblies (435ms)
			RebuildTransferFunctionScriptingTraits (0ms)
			SetupTypeCache (1375ms)
			ReleaseScriptCaches (5ms)
			RebuildScriptCaches (412ms)
			SetupLoadedEditorAssemblies (7588ms)
				LogAssemblyErrors (0ms)
				InitializePlatformSupportModulesInManaged (53ms)
				SetLoadedEditorAssemblies (0ms)
				RefreshPlugins (439ms)
				BeforeProcessingInitializeOnLoad (508ms)
				ProcessInitializeOnLoadAttributes (6180ms)
				ProcessInitializeOnLoadMethodAttributes (375ms)
				AfterProcessingInitializeOnLoad (31ms)
				EditorAssembliesLoaded (2ms)
			ExecutionOrderSort2 (0ms)
			AwakeInstancesAfterBackupRestoration (27ms)
Platform modules already initialized, skipping
========================================================================
Worker process is ready to serve import requests
Launched and connected shader compiler UnityShaderCompiler.exe after 1.00 seconds
Refreshing native plugins compatible for Editor in 4.19 ms, found 3 plugins.
Preloading 0 native plugins for Editor in 0.00 ms.
Unloading 5968 Unused Serialized files (Serialized files now loaded: 0)
Unloading 145 unused Assets / (1.2 MB). Loaded Objects now: 6417.
Memory consumption went from 248.8 MB to 247.6 MB.
Total: 15.043300 ms (FindLiveObjects: 0.797300 ms CreateObjectMapping: 1.899200 ms MarkObjects: 10.499600 ms  DeleteObjects: 1.844200 ms)

AssetImportParameters requested are different than current active one (requested -> active):
  custom:video-decoder-ogg-theora: a1e56fd34408186e4bbccfd4996cb3dc -> 
  custom:container-muxer-webm: aa71ff27fc2769a1b78a27578f13a17b -> 
  custom:container-demuxer-webm: 4f35f7cbe854078d1ac9338744f61a02 -> 
  custom:video-encoder-webm-vp8: eb34c28f22e8b96e1ab97ce403110664 -> 
  custom:audio-encoder-webm-vorbis: bf7c407c2cedff20999df2af8eb42d56 -> 
  custom:framework-win-MediaFoundation: 216162199b28c13a410421893ffa2e32 -> 
  custom:container-demuxer-ogg: 62fdf1f143b41e24485cea50d1cbac27 -> 
  custom:video-decoder-webm-vp8: 9c59270c3fd7afecdb556c50c9e8de78 -> 
  custom:audio-decoder-ogg-vorbis: bf7c407c2cedff20999df2af8eb42d56 -> 
========================================================================
Received Import Request.
  Time since last request: 167192.712428 seconds.
  path: Assets/Sci-Fi Styled Modular Pack/Prefabs/Floors/floor_2_L.prefab
  artifactKey: Guid(5b3cc55650f95e34797ed0af9c57110a) Importer(815301076,1909f56bfc062723c751e8b465ee728b)
Start importing Assets/Sci-Fi Styled Modular Pack/Prefabs/Floors/floor_2_L.prefab using Guid(5b3cc55650f95e34797ed0af9c57110a) Importer(815301076,1909f56bfc062723c751e8b465ee728b)  -> (artifact id: 'bd5c330064b55d1b7b9d6706543778a2') in 3.172439 seconds 
========================================================================
Received Import Request.
  Time since last request: 0.000112 seconds.
  path: Assets/Sci-Fi Styled Modular Pack/Prefabs/Floors/floor_2_no_lattice.prefab
  artifactKey: Guid(4e32615977c0a9f4688fa0d66b0a93e5) Importer(815301076,1909f56bfc062723c751e8b465ee728b)
Start importing Assets/Sci-Fi Styled Modular Pack/Prefabs/Floors/floor_2_no_lattice.prefab using Guid(4e32615977c0a9f4688fa0d66b0a93e5) Importer(815301076,1909f56bfc062723c751e8b465ee728b)  -> (artifact id: 'e9d455c7a8d59cc0ee2d6b4857d72762') in 0.377393 seconds 
========================================================================
Received Import Request.
  Time since last request: 0.000092 seconds.
  path: Assets/Sci-Fi Styled Modular Pack/Prefabs/Floors/floor_2_blank.prefab
  artifactKey: Guid(69b3d20c177508d43a1c6f09b448d3ea) Importer(815301076,1909f56bfc062723c751e8b465ee728b)
Start importing Assets/Sci-Fi Styled Modular Pack/Prefabs/Floors/floor_2_blank.prefab using Guid(69b3d20c177508d43a1c6f09b448d3ea) Importer(815301076,1909f56bfc062723c751e8b465ee728b)  -> (artifact id: 'fed214193df67a9e65d50348edb58b4b') in 0.237323 seconds 
========================================================================
Received Import Request.
  Time since last request: 0.001158 seconds.
  path: Assets/Sci-Fi Styled Modular Pack/Prefabs/Floors/floor_1.prefab
  artifactKey: Guid(5bceb99c9fa1f2a4bb9692e518bec46c) Importer(815301076,1909f56bfc062723c751e8b465ee728b)
Start importing Assets/Sci-Fi Styled Modular Pack/Prefabs/Floors/floor_1.prefab using Guid(5bceb99c9fa1f2a4bb9692e518bec46c) Importer(815301076,1909f56bfc062723c751e8b465ee728b)  -> (artifact id: '8bf9b907f3029fec54ccaa191a13b49e') in 0.359128 seconds 
========================================================================
Received Import Request.
  Time since last request: 0.000086 seconds.
  path: Assets/Sci-Fi Styled Modular Pack/Prefabs/Floors/floor_2.prefab
  artifactKey: Guid(6812e31ceb91fc04da03973c6b1054cd) Importer(815301076,1909f56bfc062723c751e8b465ee728b)
Start importing Assets/Sci-Fi Styled Modular Pack/Prefabs/Floors/floor_2.prefab using Guid(6812e31ceb91fc04da03973c6b1054cd) Importer(815301076,1909f56bfc062723c751e8b465ee728b)  -> (artifact id: '1e8382553cc581c5cc23710036179f42') in 0.329462 seconds 
========================================================================
Received Import Request.
  Time since last request: 0.000050 seconds.
  path: Assets/Sci-Fi Styled Modular Pack/Models/floor_1.fbx
  artifactKey: Guid(d48aaf8e2d925ae4d97369f487b2834c) Importer(815301076,1909f56bfc062723c751e8b465ee728b)
Start importing Assets/Sci-Fi Styled Modular Pack/Models/floor_1.fbx using Guid(d48aaf8e2d925ae4d97369f487b2834c) Importer(815301076,1909f56bfc062723c751e8b465ee728b)  -> (artifact id: '3ec74e0b8fee6e9119c6f33b84beeb4d') in 0.676222 seconds 
========================================================================
Received Import Request.
  Time since last request: 49538.467505 seconds.
  path: Assets/Sci-Fi Styled Modular Pack/Prefabs/Floors/floor_1.prefab
  artifactKey: Guid(5bceb99c9fa1f2a4bb9692e518bec46c) Importer(815301076,1909f56bfc062723c751e8b465ee728b)
Start importing Assets/Sci-Fi Styled Modular Pack/Prefabs/Floors/floor_1.prefab using Guid(5bceb99c9fa1f2a4bb9692e518bec46c) Importer(815301076,1909f56bfc062723c751e8b465ee728b)  -> (artifact id: '117a2f552aed8083d241a528fdfe4dc6') in 0.134013 seconds 
========================================================================
Received Import Request.
  Time since last request: 0.000073 seconds.
  path: Assets/Sci-Fi Styled Modular Pack/Models/floor_2_LOD0.fbx
  artifactKey: Guid(932518e1472904244afe21e844fd83ab) Importer(815301076,1909f56bfc062723c751e8b465ee728b)
Start importing Assets/Sci-Fi Styled Modular Pack/Models/floor_2_LOD0.fbx using Guid(932518e1472904244afe21e844fd83ab) Importer(815301076,1909f56bfc062723c751e8b465ee728b)  -> (artifact id: 'a6846ced92570a5d8c5cbbc81d6ed6c8') in 1.055733 seconds 
========================================================================
Received Import Request.
  Time since last request: 0.000845 seconds.
  path: Assets/Sci-Fi Styled Modular Pack/Models/floor_2_no_lattice_LOD0.fbx
  artifactKey: Guid(9036409ea7a8c974f80d52b06c8a4af8) Importer(815301076,1909f56bfc062723c751e8b465ee728b)
Start importing Assets/Sci-Fi Styled Modular Pack/Models/floor_2_no_lattice_LOD0.fbx using Guid(9036409ea7a8c974f80d52b06c8a4af8) Importer(815301076,1909f56bfc062723c751e8b465ee728b)  -> (artifact id: '3da314710a8141b86544e01457354291') in 2.069331 seconds 
========================================================================
Received Import Request.
  Time since last request: 0.000071 seconds.
  path: Assets/Sci-Fi Styled Modular Pack/Models/floor_2_blank.fbx
  artifactKey: Guid(6b5e3e371019b014c8a1782fd047102e) Importer(815301076,1909f56bfc062723c751e8b465ee728b)
Start importing Assets/Sci-Fi Styled Modular Pack/Models/floor_2_blank.fbx using Guid(6b5e3e371019b014c8a1782fd047102e) Importer(815301076,1909f56bfc062723c751e8b465ee728b)  -> (artifact id: 'ad7d242dfe916557c3d1f5cc6be85ed0') in 0.291288 seconds 
========================================================================
Received Import Request.
  Time since last request: 0.000316 seconds.
  path: Assets/Sci-Fi Styled Modular Pack/Models/floor_1_LOD1.fbx
  artifactKey: Guid(c36834fa2d8d0504e9842a6454f207ca) Importer(815301076,1909f56bfc062723c751e8b465ee728b)
Start importing Assets/Sci-Fi Styled Modular Pack/Models/floor_1_LOD1.fbx using Guid(c36834fa2d8d0504e9842a6454f207ca) Importer(815301076,1909f56bfc062723c751e8b465ee728b)  -> (artifact id: '3a0192e20385bf17b612e80c22492021') in 0.761282 seconds 
========================================================================
Received Import Request.
  Time since last request: 0.000186 seconds.
  path: Assets/Sci-Fi Styled Modular Pack/Prefabs/Floors/floor_2_L.prefab
  artifactKey: Guid(5b3cc55650f95e34797ed0af9c57110a) Importer(815301076,1909f56bfc062723c751e8b465ee728b)
Start importing Assets/Sci-Fi Styled Modular Pack/Prefabs/Floors/floor_2_L.prefab using Guid(5b3cc55650f95e34797ed0af9c57110a) Importer(815301076,1909f56bfc062723c751e8b465ee728b)  -> (artifact id: '74a10c7b6433653520dfee92f048fb6c') in 0.893971 seconds 
========================================================================
Received Import Request.
  Time since last request: 0.000066 seconds.
  path: Assets/Sci-Fi Styled Modular Pack/Models/floor_2_LOD1.fbx
  artifactKey: Guid(5c776899fe0928242bb27cc11ad3f81e) Importer(815301076,1909f56bfc062723c751e8b465ee728b)
Start importing Assets/Sci-Fi Styled Modular Pack/Models/floor_2_LOD1.fbx using Guid(5c776899fe0928242bb27cc11ad3f81e) Importer(815301076,1909f56bfc062723c751e8b465ee728b)  -> (artifact id: '47d703cd88944f5db79992812e048935') in 0.344888 seconds 
========================================================================
Received Import Request.
  Time since last request: 0.003226 seconds.
  path: Assets/Sci-Fi Styled Modular Pack/Models/floor_2_L_LOD0.fbx
  artifactKey: Guid(dd0e6c5981600b342aae11c813c53c17) Importer(815301076,1909f56bfc062723c751e8b465ee728b)
Start importing Assets/Sci-Fi Styled Modular Pack/Models/floor_2_L_LOD0.fbx using Guid(dd0e6c5981600b342aae11c813c53c17) Importer(815301076,1909f56bfc062723c751e8b465ee728b)  -> (artifact id: '19465ae68bd1e1cc9736d6f15da1de80') in 1.146187 seconds 
========================================================================
Received Import Request.
  Time since last request: 0.000150 seconds.
  path: Assets/Sci-Fi Styled Modular Pack/Models/floor_2_L_LOD1.fbx
  artifactKey: Guid(cf9005bf881f9fc45af77110d87fecc6) Importer(815301076,1909f56bfc062723c751e8b465ee728b)
Start importing Assets/Sci-Fi Styled Modular Pack/Models/floor_2_L_LOD1.fbx using Guid(cf9005bf881f9fc45af77110d87fecc6) Importer(815301076,1909f56bfc062723c751e8b465ee728b)  -> (artifact id: 'cae323b1efa43395f8f7dee00ec8e396') in 0.928490 seconds 
========================================================================
Received Import Request.
  Time since last request: 0.003105 seconds.
  path: Assets/Sci-Fi Styled Modular Pack/Models/floor_2.fbx
  artifactKey: Guid(80b93341bf275fe408b1bd56cb261ce8) Importer(815301076,1909f56bfc062723c751e8b465ee728b)
Start importing Assets/Sci-Fi Styled Modular Pack/Models/floor_2.fbx using Guid(80b93341bf275fe408b1bd56cb261ce8) Importer(815301076,1909f56bfc062723c751e8b465ee728b)  -> (artifact id: '76b8acf3165f43a9acaa3f2fd32447e6') in 0.736015 seconds 
========================================================================
Received Import Request.
  Time since last request: 0.002150 seconds.
  path: Assets/Sci-Fi Styled Modular Pack/Models/floor_2_no_lattice.fbx
  artifactKey: Guid(7f962bb89688620469dbe0e850e34b3a) Importer(815301076,1909f56bfc062723c751e8b465ee728b)
Start importing Assets/Sci-Fi Styled Modular Pack/Models/floor_2_no_lattice.fbx using Guid(7f962bb89688620469dbe0e850e34b3a) Importer(815301076,1909f56bfc062723c751e8b465ee728b)  -> (artifact id: '05da06d03ab09ce040147e84ffa7ccf6') in 0.876027 seconds 
========================================================================
Received Import Request.
  Time since last request: 0.000098 seconds.
  path: Assets/Sci-Fi Styled Modular Pack/Prefabs/Floors/floor_2.prefab
  artifactKey: Guid(6812e31ceb91fc04da03973c6b1054cd) Importer(815301076,1909f56bfc062723c751e8b465ee728b)
Start importing Assets/Sci-Fi Styled Modular Pack/Prefabs/Floors/floor_2.prefab using Guid(6812e31ceb91fc04da03973c6b1054cd) Importer(815301076,1909f56bfc062723c751e8b465ee728b)  -> (artifact id: '80266ebc664fde5a928cfa64e1915b02') in 0.418877 seconds 
========================================================================
Received Import Request.
  Time since last request: 0.000273 seconds.
  path: Assets/Sci-Fi Styled Modular Pack/Models/floor_1.fbx
  artifactKey: Guid(d48aaf8e2d925ae4d97369f487b2834c) Importer(815301076,1909f56bfc062723c751e8b465ee728b)
Start importing Assets/Sci-Fi Styled Modular Pack/Models/floor_1.fbx using Guid(d48aaf8e2d925ae4d97369f487b2834c) Importer(815301076,1909f56bfc062723c751e8b465ee728b)  -> (artifact id: '0b6ab4d6a6ea6ceb6ce0adb5e8d1d478') in 1.034764 seconds 
========================================================================
Received Import Request.
  Time since last request: 0.000280 seconds.
  path: Assets/Sci-Fi Styled Modular Pack/Models/floor_1_LOD0.fbx
  artifactKey: Guid(2497a48cf43e1554aa0c4feb1c7e9d69) Importer(815301076,1909f56bfc062723c751e8b465ee728b)
Start importing Assets/Sci-Fi Styled Modular Pack/Models/floor_1_LOD0.fbx using Guid(2497a48cf43e1554aa0c4feb1c7e9d69) Importer(815301076,1909f56bfc062723c751e8b465ee728b)  -> (artifact id: '6674704e110e0eb6d1413a9da29b460c') in 0.783287 seconds 
========================================================================
Received Import Request.
  Time since last request: 4.311106 seconds.
  path: Assets/Sci-Fi Styled Modular Pack/Models/floor_2_no_lattice_LOD1.fbx
  artifactKey: Guid(3646a0c5f438c6f458c0e176c02676cb) Importer(815301076,1909f56bfc062723c751e8b465ee728b)
Start importing Assets/Sci-Fi Styled Modular Pack/Models/floor_2_no_lattice_LOD1.fbx using Guid(3646a0c5f438c6f458c0e176c02676cb) Importer(815301076,1909f56bfc062723c751e8b465ee728b)  -> (artifact id: 'cb6f7e604d058dca46d375250474f243') in 0.237605 seconds 
========================================================================
Received Import Request.
  Time since last request: 0.000077 seconds.
  path: Assets/Sci-Fi Styled Modular Pack/Prefabs/Floors/floor_5.prefab
  artifactKey: Guid(548a40efc092c6f408cc4d1691b171cc) Importer(815301076,1909f56bfc062723c751e8b465ee728b)
Start importing Assets/Sci-Fi Styled Modular Pack/Prefabs/Floors/floor_5.prefab using Guid(548a40efc092c6f408cc4d1691b171cc) Importer(815301076,1909f56bfc062723c751e8b465ee728b)  -> (artifact id: '448023102d473e121e169d0f7b7d0871') in 0.264896 seconds 
========================================================================
Received Import Request.
  Time since last request: 0.000527 seconds.
  path: Assets/Sci-Fi Styled Modular Pack/Models/floor_corner_ornament_pipes.fbx
  artifactKey: Guid(5ba738f6b0443534ab9c35fbe2153ee1) Importer(815301076,1909f56bfc062723c751e8b465ee728b)
Start importing Assets/Sci-Fi Styled Modular Pack/Models/floor_corner_ornament_pipes.fbx using Guid(5ba738f6b0443534ab9c35fbe2153ee1) Importer(815301076,1909f56bfc062723c751e8b465ee728b)  -> (artifact id: '56c18374b111943944640fe38d0b9cf0') in 0.575724 seconds 
========================================================================
Received Import Request.
  Time since last request: 0.000076 seconds.
  path: Assets/Sci-Fi Styled Modular Pack/Prefabs/Floors/floor_3_no_clamps.prefab
  artifactKey: Guid(d4c686e5f86722a409d1d35154c22d14) Importer(815301076,1909f56bfc062723c751e8b465ee728b)
Start importing Assets/Sci-Fi Styled Modular Pack/Prefabs/Floors/floor_3_no_clamps.prefab using Guid(d4c686e5f86722a409d1d35154c22d14) Importer(815301076,1909f56bfc062723c751e8b465ee728b)  -> (artifact id: '53c5f0565aba7f81a1fdbe3da5fc3034') in 0.411859 seconds 
========================================================================
Received Import Request.
  Time since last request: 0.000078 seconds.
  path: Assets/Sci-Fi Styled Modular Pack/Models/floor_3_LOD1.fbx
  artifactKey: Guid(4b7cea861fc1ef14b897d7b8fedf32a1) Importer(815301076,1909f56bfc062723c751e8b465ee728b)
Start importing Assets/Sci-Fi Styled Modular Pack/Models/floor_3_LOD1.fbx using Guid(4b7cea861fc1ef14b897d7b8fedf32a1) Importer(815301076,1909f56bfc062723c751e8b465ee728b)  -> (artifact id: '4632cb7cb548a6de66b72270f58aa88c') in 0.937186 seconds 
========================================================================
Received Import Request.
  Time since last request: 0.012476 seconds.
  path: Assets/Sci-Fi Styled Modular Pack/Models/floor_corner_ornament_pipes_corner.fbx
  artifactKey: Guid(b22ce922b3b4aae46bfa2eeeea927f6d) Importer(815301076,1909f56bfc062723c751e8b465ee728b)
Start importing Assets/Sci-Fi Styled Modular Pack/Models/floor_corner_ornament_pipes_corner.fbx using Guid(b22ce922b3b4aae46bfa2eeeea927f6d) Importer(815301076,1909f56bfc062723c751e8b465ee728b)  -> (artifact id: 'd0959b3a9d4bd68a8bbdde8016c2f5b4') in 0.299521 seconds 
========================================================================
Received Import Request.
  Time since last request: 0.000063 seconds.
  path: Assets/Sci-Fi Styled Modular Pack/Models/floor_4.fbx
  artifactKey: Guid(106d47cb2df648043a2127f1a030963f) Importer(815301076,1909f56bfc062723c751e8b465ee728b)
Start importing Assets/Sci-Fi Styled Modular Pack/Models/floor_4.fbx using Guid(106d47cb2df648043a2127f1a030963f) Importer(815301076,1909f56bfc062723c751e8b465ee728b)  -> (artifact id: '9a1208af8f85226073d45ab28f540e63') in 0.341204 seconds 
========================================================================
Received Import Request.
  Time since last request: 0.000348 seconds.
  path: Assets/Sci-Fi Styled Modular Pack/Models/floor_corner_ornament.fbx
  artifactKey: Guid(1159b683edc56b34d942907bb191e3e7) Importer(815301076,1909f56bfc062723c751e8b465ee728b)
Start importing Assets/Sci-Fi Styled Modular Pack/Models/floor_corner_ornament.fbx using Guid(1159b683edc56b34d942907bb191e3e7) Importer(815301076,1909f56bfc062723c751e8b465ee728b)  -> (artifact id: 'da618498167ef985ea7adeb75140d6a2') in 0.788955 seconds 
========================================================================
Received Import Request.
  Time since last request: 0.000078 seconds.
  path: Assets/Sci-Fi Styled Modular Pack/Prefabs/Floors/floor_3.prefab
  artifactKey: Guid(a185d2c8149cc7d45a8bc91951812dc1) Importer(815301076,1909f56bfc062723c751e8b465ee728b)
Start importing Assets/Sci-Fi Styled Modular Pack/Prefabs/Floors/floor_3.prefab using Guid(a185d2c8149cc7d45a8bc91951812dc1) Importer(815301076,1909f56bfc062723c751e8b465ee728b)  -> (artifact id: '1a0e51af83a988996024ba727c40af99') in 0.895518 seconds 
========================================================================
Received Import Request.
  Time since last request: 0.000093 seconds.
  path: Assets/Sci-Fi Styled Modular Pack/Models/floor_3_LOD0.fbx
  artifactKey: Guid(098298ac5885d644b88e23acae396497) Importer(815301076,1909f56bfc062723c751e8b465ee728b)
Start importing Assets/Sci-Fi Styled Modular Pack/Models/floor_3_LOD0.fbx using Guid(098298ac5885d644b88e23acae396497) Importer(815301076,1909f56bfc062723c751e8b465ee728b)  -> (artifact id: '15e685164aca893ec57b6f0161b804ad') in 0.254275 seconds 
========================================================================
Received Import Request.
  Time since last request: 0.000238 seconds.
  path: Assets/Sci-Fi Styled Modular Pack/Models/floor_6.fbx
  artifactKey: Guid(8d199d8824e784743af821727659334b) Importer(815301076,1909f56bfc062723c751e8b465ee728b)
Start importing Assets/Sci-Fi Styled Modular Pack/Models/floor_6.fbx using Guid(8d199d8824e784743af821727659334b) Importer(815301076,1909f56bfc062723c751e8b465ee728b)  -> (artifact id: 'f26086647d350c66acd2c8eb28e14dbb') in 0.945736 seconds 
========================================================================
Received Import Request.
  Time since last request: 0.000780 seconds.
  path: Assets/Sci-Fi Styled Modular Pack/Prefabs/Floors/floor_6.prefab
  artifactKey: Guid(3845c7234a0ed4843ba4e38e2404f54d) Importer(815301076,1909f56bfc062723c751e8b465ee728b)
Start importing Assets/Sci-Fi Styled Modular Pack/Prefabs/Floors/floor_6.prefab using Guid(3845c7234a0ed4843ba4e38e2404f54d) Importer(815301076,1909f56bfc062723c751e8b465ee728b)  -> (artifact id: '70bef6b577cdb30654899425a10b8621') in 0.948970 seconds 
========================================================================
Received Import Request.
  Time since last request: 0.000409 seconds.
  path: Assets/Sci-Fi Styled Modular Pack/Models/floor_3.fbx
  artifactKey: Guid(b7a322c99327cd54e93247179413bca8) Importer(815301076,1909f56bfc062723c751e8b465ee728b)
Start importing Assets/Sci-Fi Styled Modular Pack/Models/floor_3.fbx using Guid(b7a322c99327cd54e93247179413bca8) Importer(815301076,1909f56bfc062723c751e8b465ee728b)  -> (artifact id: '8f27c1d9cb596fa9b97d8c95733060fd') in 0.708551 seconds 
========================================================================
Received Import Request.
  Time since last request: 0.008908 seconds.
  path: Assets/Sci-Fi Styled Modular Pack/Models/floor_5.fbx
  artifactKey: Guid(d33b92b4d2f9ca8409480ae83478fd61) Importer(815301076,1909f56bfc062723c751e8b465ee728b)
Start importing Assets/Sci-Fi Styled Modular Pack/Models/floor_5.fbx using Guid(d33b92b4d2f9ca8409480ae83478fd61) Importer(815301076,1909f56bfc062723c751e8b465ee728b)  -> (artifact id: '45b438cffde0345dd1b69576882cf550') in 0.482877 seconds 
========================================================================
Received Import Request.
  Time since last request: 0.000096 seconds.
  path: Assets/Sci-Fi Styled Modular Pack/Materials/lattice floor.mat
  artifactKey: Guid(62dcf96e239eb0d4db44cbe622abf152) Importer(815301076,1909f56bfc062723c751e8b465ee728b)
Start importing Assets/Sci-Fi Styled Modular Pack/Materials/lattice floor.mat using Guid(62dcf96e239eb0d4db44cbe622abf152) Importer(815301076,1909f56bfc062723c751e8b465ee728b)  -> (artifact id: '7e02fbb228d48b2fd9a2df28b63a3c6f') in 2.177825 seconds 
========================================================================
Received Import Request.
  Time since last request: 0.000082 seconds.
  path: Assets/Sci-Fi Styled Modular Pack/Prefabs/Floors/floor_4.prefab
  artifactKey: Guid(6c7bfc57a0f70db46b9b83dddca510e1) Importer(815301076,1909f56bfc062723c751e8b465ee728b)
Start importing Assets/Sci-Fi Styled Modular Pack/Prefabs/Floors/floor_4.prefab using Guid(6c7bfc57a0f70db46b9b83dddca510e1) Importer(815301076,1909f56bfc062723c751e8b465ee728b)  -> (artifact id: '1eb860df92809a6b95a4901fe3a4a93f') in 0.169358 seconds 
========================================================================
Received Import Request.
  Time since last request: 0.000093 seconds.
  path: Assets/Sci-Fi Styled Modular Pack/Models/floor_3_no_clamps.fbx
  artifactKey: Guid(822e513722ef97840bad7ea57952a676) Importer(815301076,1909f56bfc062723c751e8b465ee728b)
Start importing Assets/Sci-Fi Styled Modular Pack/Models/floor_3_no_clamps.fbx using Guid(822e513722ef97840bad7ea57952a676) Importer(815301076,1909f56bfc062723c751e8b465ee728b)  -> (artifact id: '99f085fde23a2ba412d7051932fdd06f') in 0.324562 seconds 
